<?xml version="1.0" encoding="UTF-8"?>
<testsuite time='0.035513' skipped='0' failures='0' errors='0' name="Heya::Campaigns::BaseTest" assertions='19' tests='6' timestamp="2019-06-20T11:44:46-07:00">
  <testcase time='0.010266' file="test/lib/heya/campaigns/base_test.rb" name="test_it_lazily_creates_message_models" assertions='5'>
  </testcase>
  <testcase time='0.007259' file="test/lib/heya/campaigns/base_test.rb" name="test_it_lazily_finds_existing_message_models" assertions='5'>
  </testcase>
  <testcase time='0.000627' file="test/lib/heya/campaigns/base_test.rb" name="test_it_sets_class_defaults" assertions='1'>
  </testcase>
  <testcase time='0.000743' file="test/lib/heya/campaigns/base_test.rb" name="test_it_allows_subclasses_to_change_defaults" assertions='2'>
  </testcase>
  <testcase time='0.006839' file="test/lib/heya/campaigns/base_test.rb" name="test_it_lazily_creates_a_new_campaign_model" assertions='3'>
  </testcase>
  <testcase time='0.009779' file="test/lib/heya/campaigns/base_test.rb" name="test_it_lazily_finds_an_existing_campaign_model" assertions='3'>
  </testcase>
</testsuite>
