<?xml version="1.0" encoding="UTF-8"?>
<testsuite time='0.004687' skipped='0' failures='0' errors='0' name="Heya::MessageTest" assertions='1' tests='1' timestamp="2019-06-20T11:44:46-07:00">
  <testcase time='0.004687' file="test/models/heya/message_test.rb" name="test_it_has_assignable_properties" assertions='1'>
  </testcase>
</testsuite>
